Build started 2017/11/17 21:10:21.
     1>Project "E:\研一\c++助教\CppExercise\exercise1\cpp_solution\Q70\Q70\Q70.vcxproj" on node 2 (ClCompile target(s)).
     1>ClCompile:
         C:\Program Files (x86)\Microsoft Visual Studio 12.0\VC\bin\CL.exe /c /ZI /W3 /WX- /sdl /Od /Oy- /D _MBCS /Gm /EHsc /RTC1 /MDd /GS /fp:precise /Zc:wchar_t /Zc:forScope /Fo"Debug\\" /Fd"Debug\vc120.pdb" /Gd /TP /analyze- /errorReport:prompt Q70.cpp
         Microsoft (R) C/C++ Optimizing Compiler Version 18.00.31101 for x86
         Copyright (C) Microsoft Corporation.  All rights reserved.
         
         cl /c /ZI /W3 /WX- /sdl /Od /Oy- /D _MBCS /Gm /EHsc /RTC1 /MDd /GS /fp:precise /Zc:wchar_t /Zc:forScope /Fo"Debug\\" /Fd"Debug\vc120.pdb" /Gd /TP /analyze- /errorReport:prompt Q70.cpp
         
         Q70.cpp
     1>e:\研一\c++助教\cppexercise\exercise1\cpp_solution\q70\q70\q70.cpp(126): warning C4244: '=' : conversion from 'double' to 'int', possible loss of data
     1>e:\研一\c++助教\cppexercise\exercise1\cpp_solution\q70\q70\q70.cpp(127): warning C4244: 'initializing' : conversion from 'double' to 'int', possible loss of data
     1>e:\研一\c++助教\cppexercise\exercise1\cpp_solution\q70\q70\q70.cpp(127): error C2143: syntax error : missing ';' before 'constant'
     1>Done Building Project "E:\研一\c++助教\CppExercise\exercise1\cpp_solution\Q70\Q70\Q70.vcxproj" (ClCompile target(s)) -- FAILED.

Build FAILED.

Time Elapsed 00:00:01.20
